<?xml version="1.0" encoding="UTF-8"?>
<!-- Generated by org.testng.reporters.JUnitReportReporter -->
<testsuite hostname="AKASH" failures="0" tests="1" name="DemoTestNG.ParallelPC1" time="46.065" errors="0" timestamp="2022-02-21T10:10:16 IST" skipped="0">
  <testcase classname="DemoTestNG.ParallelPC1" name="tc_01" time="46.065"/>
  <system-out/>
</testsuite> <!-- DemoTestNG.ParallelPC1 -->
